[debug] [2018-09-21T10:13:10.714Z] ----------------------------------------------------------------------
[debug] [2018-09-21T10:13:10.717Z] Command:       /usr/bin/node /usr/local/bin/firebase serve
[debug] [2018-09-21T10:13:10.717Z] CLI Version:   4.2.1
[debug] [2018-09-21T10:13:10.717Z] Platform:      linux
[debug] [2018-09-21T10:13:10.717Z] Node Version:  v8.10.0
[debug] [2018-09-21T10:13:10.717Z] Time:          Fri Sep 21 2018 17:13:10 GMT+0700 (DST)
[debug] [2018-09-21T10:13:10.717Z] ----------------------------------------------------------------------
[debug] 
[debug] [2018-09-21T10:13:10.728Z] > command requires scopes: ["email","openid","https://www.googleapis.com/auth/cloudplatformprojects.readonly","https://www.googleapis.com/auth/firebase","https://www.googleapis.com/auth/cloud-platform"]
[debug] [2018-09-21T10:13:10.729Z] > authorizing via signed-in user
[debug] [2018-09-21T10:13:10.732Z] >>> HTTP REQUEST GET https://admin.firebase.com/v1/projects/test-dchat  
 
[debug] [2018-09-21T10:13:16.917Z] <<< HTTP RESPONSE 200
[debug] [2018-09-21T10:13:16.919Z] >>> HTTP REQUEST GET https://cloudresourcemanager.googleapis.com/v1/projects/test-dchat  
 
[debug] [2018-09-21T10:13:18.171Z] <<< HTTP RESPONSE 200
[info] 
[info] === Serving from '/mnt/d/My File/tuan-xuan-chat'...
[info] 
[debug] [2018-09-21T10:13:18.176Z] >>> HTTP REQUEST GET https://mobilesdk-pa.googleapis.com/v1/projects/174513511142/clients/_:getWebAppConfig  
 
[debug] [2018-09-21T10:13:23.832Z] <<< HTTP RESPONSE 200
[info] i  hosting[test-dchat]: Serving hosting files from: public
[info] ✔  hosting[test-dchat]: Local server: http://localhost:5000
